Mon Dec 22 11:56:01 2025       
+-----------------------------------------------------------------------------------------+
| NVIDIA-SMI 550.120                Driver Version: 550.120        CUDA Version: 12.4     |
|-----------------------------------------+------------------------+----------------------+
| GPU  Name                 Persistence-M | Bus-Id          Disp.A | Volatile Uncorr. ECC |
| Fan  Temp   Perf          Pwr:Usage/Cap |           Memory-Usage | GPU-Util  Compute M. |
|                                         |                        |               MIG M. |
|=========================================+========================+======================|
|   0  NVIDIA RTX A5000               On  |   00000000:01:00.0 Off |                  Off |
| 30%   38C    P5             36W /  230W |       2MiB /  24564MiB |      0%      Default |
|                                         |                        |                  N/A |
+-----------------------------------------+------------------------+----------------------+
|   1  NVIDIA RTX A5000               On  |   00000000:21:00.0 Off |                  Off |
| 30%   36C    P5             19W /  230W |       2MiB /  24564MiB |      0%      Default |
|                                         |                        |                  N/A |
+-----------------------------------------+------------------------+----------------------+
|   2  NVIDIA RTX A5000               On  |   00000000:41:00.0 Off |                  Off |
| 30%   32C    P5             15W /  230W |       2MiB /  24564MiB |      0%      Default |
|                                         |                        |                  N/A |
+-----------------------------------------+------------------------+----------------------+
|   3  NVIDIA RTX A5000               On  |   00000000:61:00.0 Off |                  Off |
| 30%   33C    P5             18W /  230W |       2MiB /  24564MiB |      0%      Default |
|                                         |                        |                  N/A |
+-----------------------------------------+------------------------+----------------------+
|   4  NVIDIA RTX A5000               On  |   00000000:81:00.0 Off |                  Off |
| 30%   29C    P5             31W /  230W |       2MiB /  24564MiB |      0%      Default |
|                                         |                        |                  N/A |
+-----------------------------------------+------------------------+----------------------+
|   5  NVIDIA RTX A5000               On  |   00000000:A1:00.0 Off |                  Off |
| 30%   29C    P5             31W /  230W |    1973MiB /  24564MiB |      0%      Default |
|                                         |                        |                  N/A |
+-----------------------------------------+------------------------+----------------------+
|   6  NVIDIA RTX A5000               On  |   00000000:C1:00.0 Off |                  Off |
| 30%   48C    P2            114W /  230W |   18707MiB /  24564MiB |     38%      Default |
|                                         |                        |                  N/A |
+-----------------------------------------+------------------------+----------------------+
|   7  NVIDIA RTX A5000               On  |   00000000:E1:00.0 Off |                  Off |
| 30%   48C    P2            146W /  230W |   14449MiB /  24564MiB |     41%      Default |
|                                         |                        |                  N/A |
+-----------------------------------------+------------------------+----------------------+
                                                                                         
+-----------------------------------------------------------------------------------------+
| Processes:                                                                              |
|  GPU   GI   CI        PID   Type   Process name                              GPU Memory |
|        ID   ID                                                               Usage      |
|=========================================================================================|
|    5   N/A  N/A    139221      C   ...dt/anaconda3/envs/spider/bin/python       1966MiB |
|    6   N/A  N/A    134199      C   ...s/almogt/sampled-kd/venv/bin/python      18700MiB |
|    7   N/A  N/A    134199      C   ...s/almogt/sampled-kd/venv/bin/python      14442MiB |
+-----------------------------------------------------------------------------------------+
================================================================================
PROMPT INJECTION RECOVERY EXPERIMENT
================================================================================

[1/6] Loading prompts from markdown files...
  Loaded 2 question format prompts (using top 2):
    1. chain_of_thought
    2. conversational_tutor
  Loaded 4 injection texts (using top 4):
    1. authority_claim
    2. fake_completion
    3. system_override
    4. topic_change

Model: /home/ADV_2526a/evyataroren/inter_2025/models/DS-qwen-7B/DeepSeek-R1-Distill-Qwen-7B
Questions: 10
Prompts (K): 2
Injections (M): 4
Total combinations: 80
================================================================================

[2/6] Loading model with vLLM...
INFO 12-22 11:57:21 [utils.py:253] non-default args: {'trust_remote_code': True, 'dtype': 'float16', 'max_model_len': 4096, 'disable_log_stats': True, 'model': '/home/ADV_2526a/evyataroren/inter_2025/models/DS-qwen-7B/DeepSeek-R1-Distill-Qwen-7B'}
ERROR 12-22 11:57:59 [registry.py:673] Error saving model info cache.
ERROR 12-22 11:57:59 [registry.py:673] Traceback (most recent call last):
ERROR 12-22 11:57:59 [registry.py:673]   File "/home/ADV_2526a/evyataroren/inter_2025/.miniconda3/envs/inter25_vllm/lib/python3.11/pathlib.py", line 1116, in mkdir
ERROR 12-22 11:57:59 [registry.py:673]     os.mkdir(self, mode)
ERROR 12-22 11:57:59 [registry.py:673] FileNotFoundError: [Errno 2] No such file or directory: '/a/home/cc/students/cs/evyataroren/.cache/vllm/modelinfos'
ERROR 12-22 11:57:59 [registry.py:673] 
ERROR 12-22 11:57:59 [registry.py:673] During handling of the above exception, another exception occurred:
ERROR 12-22 11:57:59 [registry.py:673] 
ERROR 12-22 11:57:59 [registry.py:673] Traceback (most recent call last):
ERROR 12-22 11:57:59 [registry.py:673]   File "/home/ADV_2526a/evyataroren/inter_2025/.miniconda3/envs/inter25_vllm/lib/python3.11/pathlib.py", line 1116, in mkdir
ERROR 12-22 11:57:59 [registry.py:673]     os.mkdir(self, mode)
ERROR 12-22 11:57:59 [registry.py:673] FileNotFoundError: [Errno 2] No such file or directory: '/a/home/cc/students/cs/evyataroren/.cache/vllm'
ERROR 12-22 11:57:59 [registry.py:673] 
ERROR 12-22 11:57:59 [registry.py:673] During handling of the above exception, another exception occurred:
ERROR 12-22 11:57:59 [registry.py:673] 
ERROR 12-22 11:57:59 [registry.py:673] Traceback (most recent call last):
ERROR 12-22 11:57:59 [registry.py:673]   File "/home/ADV_2526a/evyataroren/inter_2025/.miniconda3/envs/inter25_vllm/lib/python3.11/pathlib.py", line 1116, in mkdir
ERROR 12-22 11:57:59 [registry.py:673]     os.mkdir(self, mode)
ERROR 12-22 11:57:59 [registry.py:673] FileNotFoundError: [Errno 2] No such file or directory: '/a/home/cc/students/cs/evyataroren/.cache'
ERROR 12-22 11:57:59 [registry.py:673] 
ERROR 12-22 11:57:59 [registry.py:673] During handling of the above exception, another exception occurred:
ERROR 12-22 11:57:59 [registry.py:673] 
ERROR 12-22 11:57:59 [registry.py:673] Traceback (most recent call last):
ERROR 12-22 11:57:59 [registry.py:673]   File "/home/ADV_2526a/evyataroren/inter_2025/.miniconda3/envs/inter25_vllm/lib/python3.11/site-packages/vllm/model_executor/models/registry.py", line 668, in _save_modelinfo_to_cache
ERROR 12-22 11:57:59 [registry.py:673]     cache_dir.mkdir(parents=True, exist_ok=True)
ERROR 12-22 11:57:59 [registry.py:673]   File "/home/ADV_2526a/evyataroren/inter_2025/.miniconda3/envs/inter25_vllm/lib/python3.11/pathlib.py", line 1120, in mkdir
ERROR 12-22 11:57:59 [registry.py:673]     self.parent.mkdir(parents=True, exist_ok=True)
ERROR 12-22 11:57:59 [registry.py:673]   File "/home/ADV_2526a/evyataroren/inter_2025/.miniconda3/envs/inter25_vllm/lib/python3.11/pathlib.py", line 1120, in mkdir
ERROR 12-22 11:57:59 [registry.py:673]     self.parent.mkdir(parents=True, exist_ok=True)
ERROR 12-22 11:57:59 [registry.py:673]   File "/home/ADV_2526a/evyataroren/inter_2025/.miniconda3/envs/inter25_vllm/lib/python3.11/pathlib.py", line 1120, in mkdir
ERROR 12-22 11:57:59 [registry.py:673]     self.parent.mkdir(parents=True, exist_ok=True)
ERROR 12-22 11:57:59 [registry.py:673]   File "/home/ADV_2526a/evyataroren/inter_2025/.miniconda3/envs/inter25_vllm/lib/python3.11/pathlib.py", line 1116, in mkdir
ERROR 12-22 11:57:59 [registry.py:673]     os.mkdir(self, mode)
ERROR 12-22 11:57:59 [registry.py:673] PermissionError: [Errno 13] Permission denied: '/a/home/cc/students/cs/evyataroren'
INFO 12-22 11:57:59 [model.py:514] Resolved architecture: Qwen2ForCausalLM
WARNING 12-22 11:57:59 [model.py:2005] Casting torch.bfloat16 to torch.float16.
INFO 12-22 11:57:59 [model.py:1661] Using max model len 4096
INFO 12-22 11:58:01 [scheduler.py:230] Chunked prefill is enabled with max_num_batched_tokens=8192.
[0;36m(EngineCore_DP0 pid=143621)[0;0m INFO 12-22 11:58:03 [core.py:93] Initializing a V1 LLM engine (v0.13.0) with config: model='/home/ADV_2526a/evyataroren/inter_2025/models/DS-qwen-7B/DeepSeek-R1-Distill-Qwen-7B', speculative_config=None, tokenizer='/home/ADV_2526a/evyataroren/inter_2025/models/DS-qwen-7B/DeepSeek-R1-Distill-Qwen-7B', skip_tokenizer_init=False, tokenizer_mode=auto, revision=None, tokenizer_revision=None, trust_remote_code=True, dtype=torch.float16, max_seq_len=4096, download_dir=None, load_format=auto, tensor_parallel_size=1, pipeline_parallel_size=1, data_parallel_size=1, disable_custom_all_reduce=False, quantization=None, enforce_eager=False, kv_cache_dtype=auto, device_config=cuda, structured_outputs_config=StructuredOutputsConfig(backend='auto', disable_fallback=False, disable_any_whitespace=False, disable_additional_properties=False, reasoning_parser='', reasoning_parser_plugin='', enable_in_reasoning=False), observability_config=ObservabilityConfig(show_hidden_metrics_for_version=None, otlp_traces_endpoint=None, collect_detailed_traces=None, kv_cache_metrics=False, kv_cache_metrics_sample=0.01, cudagraph_metrics=False, enable_layerwise_nvtx_tracing=False), seed=0, served_model_name=/home/ADV_2526a/evyataroren/inter_2025/models/DS-qwen-7B/DeepSeek-R1-Distill-Qwen-7B, enable_prefix_caching=True, enable_chunked_prefill=True, pooler_config=None, compilation_config={'level': None, 'mode': <CompilationMode.VLLM_COMPILE: 3>, 'debug_dump_path': None, 'cache_dir': '', 'compile_cache_save_format': 'binary', 'backend': 'inductor', 'custom_ops': ['none'], 'splitting_ops': ['vllm::unified_attention', 'vllm::unified_attention_with_output', 'vllm::unified_mla_attention', 'vllm::unified_mla_attention_with_output', 'vllm::mamba_mixer2', 'vllm::mamba_mixer', 'vllm::short_conv', 'vllm::linear_attention', 'vllm::plamo2_mamba_mixer', 'vllm::gdn_attention_core', 'vllm::kda_attention', 'vllm::sparse_attn_indexer'], 'compile_mm_encoder': False, 'compile_sizes': [], 'compile_ranges_split_points': [8192], 'inductor_compile_config': {'enable_auto_functionalized_v2': False, 'combo_kernels': True, 'benchmark_combo_kernel': True}, 'inductor_passes': {}, 'cudagraph_mode': <CUDAGraphMode.FULL_AND_PIECEWISE: (2, 1)>, 'cudagraph_num_of_warmups': 1, 'cudagraph_capture_sizes': [1, 2, 4, 8, 16, 24, 32, 40, 48, 56, 64, 72, 80, 88, 96, 104, 112, 120, 128, 136, 144, 152, 160, 168, 176, 184, 192, 200, 208, 216, 224, 232, 240, 248, 256, 272, 288, 304, 320, 336, 352, 368, 384, 400, 416, 432, 448, 464, 480, 496, 512], 'cudagraph_copy_inputs': False, 'cudagraph_specialize_lora': True, 'use_inductor_graph_partition': False, 'pass_config': {'fuse_norm_quant': False, 'fuse_act_quant': False, 'fuse_attn_quant': False, 'eliminate_noops': True, 'enable_sp': False, 'fuse_gemm_comms': False, 'fuse_allreduce_rms': False}, 'max_cudagraph_capture_size': 512, 'dynamic_shapes_config': {'type': <DynamicShapesType.BACKED: 'backed'>, 'evaluate_guards': False}, 'local_cache_dir': None}
[0;36m(EngineCore_DP0 pid=143621)[0;0m ERROR 12-22 11:58:03 [core.py:866] EngineCore failed to start.
[0;36m(EngineCore_DP0 pid=143621)[0;0m ERROR 12-22 11:58:03 [core.py:866] Traceback (most recent call last):
[0;36m(EngineCore_DP0 pid=143621)[0;0m ERROR 12-22 11:58:03 [core.py:866]   File "/home/ADV_2526a/evyataroren/inter_2025/.miniconda3/envs/inter25_vllm/lib/python3.11/site-packages/vllm/v1/engine/core.py", line 857, in run_engine_core
[0;36m(EngineCore_DP0 pid=143621)[0;0m ERROR 12-22 11:58:03 [core.py:866]     engine_core = EngineCoreProc(*args, **kwargs)
[0;36m(EngineCore_DP0 pid=143621)[0;0m ERROR 12-22 11:58:03 [core.py:866]                   ^^^^^^^^^^^^^^^^^^^^^^^^^^^^^^^
[0;36m(EngineCore_DP0 pid=143621)[0;0m ERROR 12-22 11:58:03 [core.py:866]   File "/home/ADV_2526a/evyataroren/inter_2025/.miniconda3/envs/inter25_vllm/lib/python3.11/site-packages/vllm/v1/engine/core.py", line 637, in __init__
[0;36m(EngineCore_DP0 pid=143621)[0;0m ERROR 12-22 11:58:03 [core.py:866]     super().__init__(
[0;36m(EngineCore_DP0 pid=143621)[0;0m ERROR 12-22 11:58:03 [core.py:866]   File "/home/ADV_2526a/evyataroren/inter_2025/.miniconda3/envs/inter25_vllm/lib/python3.11/site-packages/vllm/v1/engine/core.py", line 102, in __init__
[0;36m(EngineCore_DP0 pid=143621)[0;0m ERROR 12-22 11:58:03 [core.py:866]     self.model_executor = executor_class(vllm_config)
[0;36m(EngineCore_DP0 pid=143621)[0;0m ERROR 12-22 11:58:03 [core.py:866]                           ^^^^^^^^^^^^^^^^^^^^^^^^^^^
[0;36m(EngineCore_DP0 pid=143621)[0;0m ERROR 12-22 11:58:03 [core.py:866]   File "/home/ADV_2526a/evyataroren/inter_2025/.miniconda3/envs/inter25_vllm/lib/python3.11/site-packages/vllm/v1/executor/abstract.py", line 101, in __init__
[0;36m(EngineCore_DP0 pid=143621)[0;0m ERROR 12-22 11:58:03 [core.py:866]     self._init_executor()
[0;36m(EngineCore_DP0 pid=143621)[0;0m ERROR 12-22 11:58:03 [core.py:866]   File "/home/ADV_2526a/evyataroren/inter_2025/.miniconda3/envs/inter25_vllm/lib/python3.11/site-packages/vllm/v1/executor/uniproc_executor.py", line 29, in _init_executor
[0;36m(EngineCore_DP0 pid=143621)[0;0m ERROR 12-22 11:58:03 [core.py:866]     self.driver_worker = WorkerWrapperBase(vllm_config=self.vllm_config, rpc_rank=0)
[0;36m(EngineCore_DP0 pid=143621)[0;0m ERROR 12-22 11:58:03 [core.py:866]                          ^^^^^^^^^^^^^^^^^^^^^^^^^^^^^^^^^^^^^^^^^^^^^^^^^^^^^^^^^^^
[0;36m(EngineCore_DP0 pid=143621)[0;0m ERROR 12-22 11:58:03 [core.py:866]   File "/home/ADV_2526a/evyataroren/inter_2025/.miniconda3/envs/inter25_vllm/lib/python3.11/site-packages/vllm/v1/worker/worker_base.py", line 211, in __init__
[0;36m(EngineCore_DP0 pid=143621)[0;0m ERROR 12-22 11:58:03 [core.py:866]     init_cached_hf_modules()
[0;36m(EngineCore_DP0 pid=143621)[0;0m ERROR 12-22 11:58:03 [core.py:866]   File "/home/ADV_2526a/evyataroren/inter_2025/.miniconda3/envs/inter25_vllm/lib/python3.11/site-packages/vllm/utils/import_utils.py", line 34, in init_cached_hf_modules
[0;36m(EngineCore_DP0 pid=143621)[0;0m ERROR 12-22 11:58:03 [core.py:866]     init_hf_modules()
[0;36m(EngineCore_DP0 pid=143621)[0;0m ERROR 12-22 11:58:03 [core.py:866]   File "/home/ADV_2526a/evyataroren/inter_2025/.miniconda3/envs/inter25_vllm/lib/python3.11/site-packages/transformers/dynamic_module_utils.py", line 96, in init_hf_modules
[0;36m(EngineCore_DP0 pid=143621)[0;0m ERROR 12-22 11:58:03 [core.py:866]     os.makedirs(HF_MODULES_CACHE, exist_ok=True)
[0;36m(EngineCore_DP0 pid=143621)[0;0m ERROR 12-22 11:58:03 [core.py:866]   File "<frozen os>", line 215, in makedirs
[0;36m(EngineCore_DP0 pid=143621)[0;0m ERROR 12-22 11:58:03 [core.py:866]   File "<frozen os>", line 215, in makedirs
[0;36m(EngineCore_DP0 pid=143621)[0;0m ERROR 12-22 11:58:03 [core.py:866]   File "<frozen os>", line 215, in makedirs
[0;36m(EngineCore_DP0 pid=143621)[0;0m ERROR 12-22 11:58:03 [core.py:866]   File "<frozen os>", line 225, in makedirs
[0;36m(EngineCore_DP0 pid=143621)[0;0m ERROR 12-22 11:58:03 [core.py:866] PermissionError: [Errno 13] Permission denied: '/a/home/cc/students/cs/evyataroren'
